<?xml version="1.0" encoding="UTF-8"?>
<!-- Generated by org.testng.reporters.JUnitXMLReporter -->
<testsuite ignored="0" hostname="DESKTOP-L5879A9" failures="0" tests="3" name="testValidLogin" time="13.958" errors="0" timestamp="2025-04-02T19:39:58 IST">
  <testcase classname="testcases.LoginTest" name="testInvalidLogin" time="1.569"/>
  <testcase classname="testcases.LoginTest" name="testValidLogin" time="1.442"/>
  <testcase classname="testcases.LogoutTest" name="testLogout" time="2.33"/>
</testsuite> <!-- testValidLogin -->
